<?xml version="1.0" encoding="UTF-8"?>
<!-- Generated by org.testng.reporters.JUnitReportReporter -->
<testsuite hostname="SATTVA" name="LogInTest" tests="4" failures="0" timestamp="21 Jul 2016 12:58:39 GMT" time="14.545" errors="0">
  <testcase name="typeEmail" time="1.036" classname="LogInTest"/>
  <testcase name="openMainPage" time="6.295" classname="LogInTest"/>
  <testcase name="typePass" time="0.395" classname="LogInTest"/>
  <testcase name="clickSubmitBtn" time="6.819" classname="LogInTest"/>
</testsuite> <!-- LogInTest -->
