<?xml version="1.0" encoding="UTF-8"?>
<!-- Generated by org.testng.reporters.JUnitReportReporter -->
<testsuite hostname="SATTVA" name="LangsTest" tests="6" failures="0" timestamp="21 Jul 2016 12:58:39 GMT" time="16.146" errors="0">
  <testcase name="verEspLangBtn" time="2.567" classname="LangsTest"/>
  <testcase name="verFrLangBtn" time="2.500" classname="LangsTest"/>
  <testcase name="openMainPage" time="3.128" classname="LangsTest"/>
  <testcase name="verPortLangBtn" time="3.119" classname="LangsTest"/>
  <testcase name="verEngLangBtn" time="2.388" classname="LangsTest"/>
  <testcase name="verRusLangBtn" time="2.444" classname="LangsTest"/>
</testsuite> <!-- LangsTest -->
