<?xml version="1.0" encoding="UTF-8"?>
<!-- Generated by org.testng.reporters.JUnitReportReporter -->
<testsuite hostname="SATTVA" name="FooterTest" tests="8" failures="0" timestamp="21 Jul 2016 12:58:39 GMT" time="12.906" errors="0">
  <testcase name="clickSupportBtn" time="1.448" classname="FooterTest"/>
  <testcase name="clickStoriesBtn" time="1.151" classname="FooterTest"/>
  <testcase name="clickContactsBtn" time="1.177" classname="FooterTest"/>
  <testcase name="clickPrivacyBtn" time="1.320" classname="FooterTest"/>
  <testcase name="clickPartnersBtn" time="1.006" classname="FooterTest"/>
  <testcase name="clickAboutBtn" time="2.180" classname="FooterTest"/>
  <testcase name="clickTipsBtn" time="1.033" classname="FooterTest"/>
  <testcase name="openMainPage" time="3.591" classname="FooterTest"/>
</testsuite> <!-- FooterTest -->
